{"C:\\gostack\\desafios\\gostack-template-conceitos-react-native\\src\\App.js": {"path":"C:\\gostack\\desafios\\gostack-template-conceitos-react-native\\src\\App.js","statementMap":{"0":{"start":{"line":21,"column":42},"end":{"line":21,"column":54}},"1":{"start":{"line":23,"column":2},"end":{"line":29,"column":9}},"2":{"start":{"line":24,"column":4},"end":{"line":28,"column":6}},"3":{"start":{"line":25,"column":6},"end":{"line":27,"column":7}},"4":{"start":{"line":26,"column":9},"end":{"line":26,"column":32}},"5":{"start":{"line":32,"column":21},"end":{"line":32,"column":62}},"6":{"start":{"line":34,"column":22},"end":{"line":34,"column":35}},"7":{"start":{"line":36,"column":22},"end":{"line":36,"column":68}},"8":{"start":{"line":36,"column":53},"end":{"line":36,"column":67}},"9":{"start":{"line":38,"column":4},"end":{"line":43,"column":7}},"10":{"start":{"line":39,"column":6},"end":{"line":39,"column":36}},"11":{"start":{"line":40,"column":6},"end":{"line":40,"column":34}},"12":{"start":{"line":41,"column":6},"end":{"line":41,"column":32}},"13":{"start":{"line":42,"column":6},"end":{"line":42,"column":23}},"14":{"start":{"line":46,"column":2},"end":{"line":109,"column":4}},"15":{"start":{"line":68,"column":32},"end":{"line":68,"column":39}},"16":{"start":{"line":70,"column":12},"end":{"line":100,"column":17}},"17":{"start":{"line":76,"column":39},"end":{"line":76,"column":89}},"18":{"start":{"line":81,"column":31},"end":{"line":81,"column":60}},"19":{"start":{"line":112,"column":15},"end":{"line":242,"column":2}}},"fnMap":{"0":{"name":"App","decl":{"start":{"line":19,"column":24},"end":{"line":19,"column":27}},"loc":{"start":{"line":19,"column":30},"end":{"line":110,"column":1}},"line":19},"1":{"name":"(anonymous_1)","decl":{"start":{"line":23,"column":12},"end":{"line":23,"column":13}},"loc":{"start":{"line":23,"column":18},"end":{"line":29,"column":3}},"line":23},"2":{"name":"(anonymous_2)","decl":{"start":{"line":24,"column":33},"end":{"line":24,"column":34}},"loc":{"start":{"line":25,"column":6},"end":{"line":27,"column":7}},"line":25},"3":{"name":"(anonymous_3)","decl":{"start":{"line":25,"column":35},"end":{"line":25,"column":36}},"loc":{"start":{"line":26,"column":9},"end":{"line":26,"column":32}},"line":26},"4":{"name":"handleLikeRepository","decl":{"start":{"line":31,"column":17},"end":{"line":31,"column":37}},"loc":{"start":{"line":31,"column":42},"end":{"line":44,"column":3}},"line":31},"5":{"name":"(anonymous_5)","decl":{"start":{"line":36,"column":45},"end":{"line":36,"column":46}},"loc":{"start":{"line":36,"column":53},"end":{"line":36,"column":67}},"line":36},"6":{"name":"(anonymous_6)","decl":{"start":{"line":38,"column":20},"end":{"line":38,"column":21}},"loc":{"start":{"line":38,"column":28},"end":{"line":43,"column":5}},"line":38},"7":{"name":"(anonymous_7)","decl":{"start":{"line":68,"column":24},"end":{"line":68,"column":25}},"loc":{"start":{"line":68,"column":32},"end":{"line":68,"column":39}},"line":68},"8":{"name":"(anonymous_8)","decl":{"start":{"line":69,"column":23},"end":{"line":69,"column":24}},"loc":{"start":{"line":70,"column":12},"end":{"line":100,"column":17}},"line":70},"9":{"name":"(anonymous_9)","decl":{"start":{"line":76,"column":31},"end":{"line":76,"column":32}},"loc":{"start":{"line":76,"column":39},"end":{"line":76,"column":89}},"line":76},"10":{"name":"(anonymous_10)","decl":{"start":{"line":81,"column":25},"end":{"line":81,"column":26}},"loc":{"start":{"line":81,"column":31},"end":{"line":81,"column":60}},"line":81}},"branchMap":{"0":{"loc":{"start":{"line":65,"column":9},"end":{"line":65,"column":110}},"type":"binary-expr","locations":[{"start":{"line":65,"column":9},"end":{"line":65,"column":34}},{"start":{"line":65,"column":38},"end":{"line":65,"column":110}}],"line":65},"1":{"loc":{"start":{"line":85,"column":18},"end":{"line":88,"column":67}},"type":"cond-expr","locations":[{"start":{"line":86,"column":20},"end":{"line":86,"column":74}},{"start":{"line":88,"column":20},"end":{"line":88,"column":67}}],"line":85},"2":{"loc":{"start":{"line":95,"column":40},"end":{"line":95,"column":59}},"type":"binary-expr","locations":[{"start":{"line":95,"column":40},"end":{"line":95,"column":52}},{"start":{"line":95,"column":56},"end":{"line":95,"column":59}}],"line":95}},"s":{"0":4,"1":4,"2":1,"3":1,"4":1,"5":2,"6":2,"7":2,"8":2,"9":2,"10":2,"11":2,"12":2,"13":2,"14":4,"15":3,"16":3,"17":6,"18":2,"19":1},"f":{"0":4,"1":1,"2":1,"3":1,"4":2,"5":2,"6":2,"7":3,"8":3,"9":6,"10":2},"b":{"0":[4,1],"1":[1,2],"2":[3,1]},"_coverageSchema":"1a1c01bbd47fc00a2c39e90264f33305004495a9","hash":"df8416379ad92fff653450846742c1730c37cab3"}
,"C:\\gostack\\desafios\\gostack-template-conceitos-react-native\\src\\assets\\user.jpg": {"path":"C:\\gostack\\desafios\\gostack-template-conceitos-react-native\\src\\assets\\user.jpg","statementMap":{"0":{"start":{"line":1,"column":0},"end":{"line":4,"column":6}}},"fnMap":{},"branchMap":{},"s":{"0":1},"f":{},"b":{},"_coverageSchema":"1a1c01bbd47fc00a2c39e90264f33305004495a9","hash":"778477fc2473fcfb4fa716e0cb450c0466cf30ca"}
,"C:\\gostack\\desafios\\gostack-template-conceitos-react-native\\src\\services\\api.js": {"path":"C:\\gostack\\desafios\\gostack-template-conceitos-react-native\\src\\services\\api.js","statementMap":{"0":{"start":{"line":3,"column":12},"end":{"line":5,"column":2}}},"fnMap":{},"branchMap":{},"s":{"0":1},"f":{},"b":{},"_coverageSchema":"1a1c01bbd47fc00a2c39e90264f33305004495a9","hash":"a8cdcc1f2edfb7eeaf31ade753bbf9d7aa1bb01c"}
}
