TN:
SF:src\App.js
FN:19,App
FN:23,(anonymous_1)
FN:24,(anonymous_2)
FN:25,(anonymous_3)
FN:31,handleLikeRepository
FN:36,(anonymous_5)
FN:38,(anonymous_6)
FN:68,(anonymous_7)
FN:69,(anonymous_8)
FN:76,(anonymous_9)
FN:81,(anonymous_10)
FNF:11
FNH:11
FNDA:4,App
FNDA:1,(anonymous_1)
FNDA:1,(anonymous_2)
FNDA:1,(anonymous_3)
FNDA:2,handleLikeRepository
FNDA:2,(anonymous_5)
FNDA:2,(anonymous_6)
FNDA:3,(anonymous_7)
FNDA:3,(anonymous_8)
FNDA:6,(anonymous_9)
FNDA:2,(anonymous_10)
DA:21,4
DA:23,4
DA:24,1
DA:25,1
DA:26,1
DA:32,2
DA:34,2
DA:36,2
DA:38,2
DA:39,2
DA:40,2
DA:41,2
DA:42,2
DA:46,4
DA:68,3
DA:70,3
DA:76,6
DA:81,2
DA:112,1
LF:19
LH:19
BRDA:65,0,0,4
BRDA:65,0,1,1
BRDA:85,1,0,1
BRDA:85,1,1,2
BRF:4
BRH:4
end_of_record
TN:
SF:src\assets\user.jpg
FNF:0
FNH:0
DA:1,1
LF:1
LH:1
BRF:0
BRH:0
end_of_record
TN:
SF:src\services\api.js
FNF:0
FNH:0
DA:3,1
LF:1
LH:1
BRF:0
BRH:0
end_of_record
